<?xml version="1.0" encoding="UTF-8"?>
<!-- Generated by org.testng.reporters.JUnitReportReporter -->
<testsuite hostname="TITAN-V-30" failures="0" tests="1" name="KarrosTechPJ.Karros.NewTest" time="58.245" errors="0" timestamp="2020-04-23T17:34:11 ICT" skipped="0">
  <testcase classname="KarrosTechPJ.Karros.NewTest" name="f" time="58.245"/>
  <system-out/>
</testsuite> <!-- KarrosTechPJ.Karros.NewTest -->
