<?xml version="1.0" encoding="UTF-8"?>
<!-- Generated by org.testng.reporters.JUnitReportReporter -->
<testsuite skipped="0" hostname="PC" name="KarrosTechPJ.Karros.RequestAccess.TC_Sort_First_Name" tests="1" failures="0" timestamp="2020-04-23T23:01:16 ICT" time="71.694" errors="0">
  <testcase name="TO_Sort_First_Name" time="71.694" classname="KarrosTechPJ.Karros.RequestAccess.TC_Sort_First_Name"/>
  <system-out/>
</testsuite> <!-- KarrosTechPJ.Karros.RequestAccess.TC_Sort_First_Name -->
