<?xml version="1.0" encoding="UTF-8"?>
<!-- Generated by org.testng.reporters.JUnitReportReporter -->
<testsuite skipped="0" hostname="PC" name="KarrosTechPJ.Karros.API.TC_PostAPI" tests="6" failures="0" timestamp="2020-04-26T02:07:39 ICT" time="45.933" errors="0">
  <testcase name="TO_API_001" time="5.283" classname="KarrosTechPJ.Karros.API.TC_PostAPI"/>
  <system-out/>
  <testcase name="TO_API_003" time="7.315" classname="KarrosTechPJ.Karros.API.TC_PostAPI"/>
  <system-out/>
  <testcase name="TO_API_002" time="1.892" classname="KarrosTechPJ.Karros.API.TC_PostAPI"/>
  <system-out/>
  <testcase name="TO_API_004" time="2.908" classname="KarrosTechPJ.Karros.API.TC_PostAPI"/>
  <system-out/>
  <testcase name="TO_API_006" time="26.712" classname="KarrosTechPJ.Karros.API.TC_PostAPI"/>
  <system-out/>
  <testcase name="TO_API_005" time="1.823" classname="KarrosTechPJ.Karros.API.TC_PostAPI"/>
  <system-out/>
</testsuite> <!-- KarrosTechPJ.Karros.API.TC_PostAPI -->
