<?xml version="1.0" encoding="UTF-8"?>
<!-- Generated by org.testng.reporters.JUnitReportReporter -->
<testsuite hostname="Les-MacBook-Pro.local" failures="0" tests="6" name="KarrosTechPJ.Karros.API.TC_PostAPI" time="48.601" errors="0" timestamp="2020-04-26T10:45:12 ICT" skipped="0">
  <testcase classname="KarrosTechPJ.Karros.API.TC_PostAPI" name="TO_API_004" time="5.320"/>
  <system-out/>
  <testcase classname="KarrosTechPJ.Karros.API.TC_PostAPI" name="TO_API_006" time="26.724"/>
  <system-out/>
  <testcase classname="KarrosTechPJ.Karros.API.TC_PostAPI" name="TO_API_001" time="4.582"/>
  <system-out/>
  <testcase classname="KarrosTechPJ.Karros.API.TC_PostAPI" name="TO_API_003" time="6.964"/>
  <system-out/>
  <testcase classname="KarrosTechPJ.Karros.API.TC_PostAPI" name="TO_API_005" time="1.737"/>
  <system-out/>
  <testcase classname="KarrosTechPJ.Karros.API.TC_PostAPI" name="TO_API_002" time="3.274"/>
  <system-out/>
</testsuite> <!-- KarrosTechPJ.Karros.API.TC_PostAPI -->
