<?xml version="1.0" encoding="UTF-8"?>
<!-- Generated by org.testng.reporters.JUnitReportReporter -->
<testsuite skipped="0" hostname="PC" name="KarrosTechPJ.Karros.NewTest" tests="1" failures="0" timestamp="2020-04-23T22:53:17 ICT" time="5.785" errors="0">
  <testcase name="f" time="5.785" classname="KarrosTechPJ.Karros.NewTest"/>
  <system-out/>
</testsuite> <!-- KarrosTechPJ.Karros.NewTest -->
