<?xml version="1.0" encoding="UTF-8"?>
<!-- Generated by org.testng.reporters.JUnitReportReporter -->
<testsuite hostname="TITAN-V-30" failures="0" tests="1" name="KarrosTechPJ.Karros.NewTest" time="56.105" errors="0" timestamp="2020-04-23T17:45:49 ICT" skipped="0">
  <testcase classname="KarrosTechPJ.Karros.NewTest" name="f" time="56.105"/>
  <system-out/>
</testsuite> <!-- KarrosTechPJ.Karros.NewTest -->
