<?xml version="1.0" encoding="UTF-8"?>
<!-- Generated by org.testng.reporters.JUnitReportReporter -->
<testsuite hostname="TITAN-V-30" failures="0" tests="1" name="KarrosTechPJ.Karros.RequestAccess.TC_Sort_First_Name" time="51.510" errors="0" timestamp="2020-04-24T10:16:39 ICT" skipped="0">
  <testcase classname="KarrosTechPJ.Karros.RequestAccess.TC_Sort_First_Name" name="TO_Sort_First_Name" time="51.510"/>
  <system-out/>
</testsuite> <!-- KarrosTechPJ.Karros.RequestAccess.TC_Sort_First_Name -->
