<?xml version="1.0" encoding="UTF-8"?>
<!-- Generated by org.testng.reporters.JUnitReportReporter -->
<testsuite skipped="0" hostname="PC" name="KarrosTechPJ.Karros.NewTest" tests="1" failures="0" timestamp="2020-04-21T22:59:31 ICT" time="29.276" errors="0">
  <testcase name="f" time="29.276" classname="KarrosTechPJ.Karros.NewTest"/>
  <system-out/>
</testsuite> <!-- KarrosTechPJ.Karros.NewTest -->
