<?xml version="1.0" encoding="UTF-8"?>
<!-- Generated by org.testng.reporters.JUnitReportReporter -->
<testsuite skipped="0" hostname="PC" name="KarrosTechPJ.Karros.API.TC_PostAPI" tests="6" failures="0" timestamp="2020-04-26T10:15:31 ICT" time="50.801" errors="0">
  <testcase name="TO_API_004" time="2.643" classname="KarrosTechPJ.Karros.API.TC_PostAPI"/>
  <system-out/>
  <testcase name="TO_API_006" time="30.475" classname="KarrosTechPJ.Karros.API.TC_PostAPI"/>
  <system-out/>
  <testcase name="TO_API_002" time="2.240" classname="KarrosTechPJ.Karros.API.TC_PostAPI"/>
  <system-out/>
  <testcase name="TO_API_003" time="8.235" classname="KarrosTechPJ.Karros.API.TC_PostAPI"/>
  <system-out/>
  <testcase name="TO_API_001" time="5.109" classname="KarrosTechPJ.Karros.API.TC_PostAPI"/>
  <system-out/>
  <testcase name="TO_API_005" time="2.099" classname="KarrosTechPJ.Karros.API.TC_PostAPI"/>
  <system-out/>
</testsuite> <!-- KarrosTechPJ.Karros.API.TC_PostAPI -->
