<?xml version="1.0" encoding="UTF-8"?>
<!-- Generated by org.testng.reporters.JUnitReportReporter -->
<testsuite hostname="TITAN-V-30" failures="0" tests="1" name="KarrosTechPJ.Karros.API.TC_PostAPI" time="5.312" errors="0" timestamp="2020-04-24T10:16:39 ICT" skipped="0">
  <testcase classname="KarrosTechPJ.Karros.API.TC_PostAPI" name="TO_PostAPI" time="5.312"/>
  <system-out/>
</testsuite> <!-- KarrosTechPJ.Karros.API.TC_PostAPI -->
