<?xml version="1.0" encoding="UTF-8"?>
<!-- Generated by org.testng.reporters.JUnitReportReporter -->
<testsuite skipped="0" hostname="PC" name="KarrosTechPJ.Karros.API.TC_PostAPI" tests="1" failures="0" timestamp="2020-04-23T23:01:16 ICT" time="7.385" errors="0">
  <testcase name="TO_PostAPI" time="7.385" classname="KarrosTechPJ.Karros.API.TC_PostAPI"/>
  <system-out/>
</testsuite> <!-- KarrosTechPJ.Karros.API.TC_PostAPI -->
