<?xml version="1.0" encoding="UTF-8"?>
<!-- Generated by org.testng.reporters.JUnitReportReporter -->
<testsuite hostname="Les-MacBook-Pro.local" failures="0" tests="1" name="KarrosTechPJ.Karros.RequestAccess.TC_Sort_First_Name" time="52.409" errors="0" timestamp="2020-04-26T10:45:12 ICT" skipped="0">
  <testcase classname="KarrosTechPJ.Karros.RequestAccess.TC_Sort_First_Name" name="TO_Sort_First_Name" time="52.409"/>
  <system-out/>
</testsuite> <!-- KarrosTechPJ.Karros.RequestAccess.TC_Sort_First_Name -->
